2015/06/19 13:16:45 [error] [php] include(UsuarioAdministrador.php) [<a href='function.include'>function.include</a>]: failed to open stream: No such file or directory (C:\wamp\www\yii\framework\YiiBase.php:432)
Stack trace:
#0 C:\wamp\www\testreko\protected\components\UserIdentity.php(37): spl_autoload_call()
#1 C:\wamp\www\testreko\protected\models\LoginForm.php(52): UserIdentity->authenticate()
#2 C:\wamp\www\yii\framework\validators\CInlineValidator.php(42): LoginForm->authenticate()
#3 C:\wamp\www\yii\framework\validators\CValidator.php(201): CInlineValidator->validateAttribute()
#4 C:\wamp\www\yii\framework\base\CModel.php(159): CInlineValidator->validate()
#5 C:\wamp\www\testreko\protected\controllers\SiteController.php(94): LoginForm->validate()
#6 C:\wamp\www\yii\framework\web\actions\CInlineAction.php(49): SiteController->actionLogin()
#7 C:\wamp\www\yii\framework\web\CController.php(308): CInlineAction->runWithParams()
#8 C:\wamp\www\yii\framework\web\CController.php(286): SiteController->runAction()
#9 C:\wamp\www\yii\framework\web\CController.php(265): SiteController->runActionWithFilters()
#10 C:\wamp\www\yii\framework\web\CWebApplication.php(282): SiteController->run()
#11 C:\wamp\www\yii\framework\web\CWebApplication.php(141): CWebApplication->runController()
#12 C:\wamp\www\yii\framework\base\CApplication.php(184): CWebApplication->processRequest()
#13 C:\wamp\www\testreko\index.php(13): CWebApplication->run()
REQUEST_URI=/testreko/site/login
in C:\wamp\www\testreko\protected\components\UserIdentity.php (37)
in C:\wamp\www\testreko\protected\models\LoginForm.php (52)
in C:\wamp\www\testreko\protected\controllers\SiteController.php (94)
2015/07/07 16:22:16 [error] [exception.CHttpException.403] exception 'CHttpException' with message 'You are not authorized to perform this action.' in C:\wamp\www\yii\framework\web\auth\CAccessControlFilter.php:182
Stack trace:
#0 C:\wamp\www\yii\framework\web\auth\CAccessControlFilter.php(145): CAccessControlFilter->accessDenied(Object(CWebUser), 'You are not aut...')
#1 C:\wamp\www\yii\framework\web\filters\CFilter.php(38): CAccessControlFilter->preFilter(Object(CFilterChain))
#2 C:\wamp\www\yii\framework\web\CController.php(1145): CFilter->filter(Object(CFilterChain))
#3 C:\wamp\www\yii\framework\web\filters\CInlineFilter.php(58): CController->filterAccessControl(Object(CFilterChain))
#4 C:\wamp\www\yii\framework\web\filters\CFilterChain.php(130): CInlineFilter->filter(Object(CFilterChain))
#5 C:\wamp\www\yii\framework\web\CController.php(291): CFilterChain->run()
#6 C:\wamp\www\yii\framework\web\CController.php(265): CController->runActionWithFilters(Object(CInlineAction), Array)
#7 C:\wamp\www\yii\framework\web\CWebApplication.php(282): CController->run('index')
#8 C:\wamp\www\yii\framework\web\CWebApplication.php(141): CWebApplication->runController('aula/aula/index')
#9 C:\wamp\www\yii\framework\base\CApplication.php(184): CWebApplication->processRequest()
#10 C:\wamp\www\testreko\index.php(13): CApplication->run()
#11 {main}
REQUEST_URI=/testreko/aula/aula/index
HTTP_REFERER=http://localhost/testreko/aula/aula/admin
---
2015/07/08 13:47:07 [error] [exception.CHttpException.404] exception 'CHttpException' with message 'Unable to resolve the request "aula/ax".' in C:\wamp\www\yii\framework\web\CWebApplication.php:286
Stack trace:
#0 C:\wamp\www\yii\framework\web\CWebApplication.php(141): CWebApplication->runController('aula/ax')
#1 C:\wamp\www\yii\framework\base\CApplication.php(184): CWebApplication->processRequest()
#2 C:\wamp\www\testreko\index.php(13): CApplication->run()
#3 {main}
REQUEST_URI=/testreko/aula/ax
---
2015/07/08 14:13:48 [error] [exception.CException] exception 'CException' with message 'Alias "application.modules.administracion_usuario.models.EscritorioUsuario" is invalid. Make sure it points to an existing PHP file and the file is readable.' in C:\wamp\www\yii\framework\YiiBase.php:323
Stack trace:
#0 C:\wamp\www\yii\framework\gii\generators\crud\CrudCode.php(59): YiiBase::import('application.mod...', true)
#1 C:\wamp\www\yii\framework\validators\CInlineValidator.php(42): CrudCode->validateModel('model', Array)
#2 C:\wamp\www\yii\framework\validators\CValidator.php(201): CInlineValidator->validateAttribute(Object(CrudCode), 'model')
#3 C:\wamp\www\yii\framework\base\CModel.php(159): CValidator->validate(Object(CrudCode), NULL)
#4 C:\wamp\www\yii\framework\gii\CCodeGenerator.php(159): CModel->validate()
#5 C:\wamp\www\yii\framework\gii\CCodeGenerator.php(63): CCodeGenerator->prepare()
#6 C:\wamp\www\yii\framework\web\actions\CInlineAction.php(49): CCodeGenerator->actionIndex()
#7 C:\wamp\www\yii\framework\web\CController.php(308): CInlineAction->runWithParams(Array)
#8 C:\wamp\www\yii\framework\web\CController.php(286): CController->runAction(Object(CInlineAction))
#9 C:\wamp\www\yii\framework\web\CController.php(265): CController->runActionWithFilters(Object(CInlineAction), Array)
#10 C:\wamp\www\yii\framework\web\CWebApplication.php(282): CController->run('index')
#11 C:\wamp\www\yii\framework\web\CWebApplication.php(141): CWebApplication->runController('gii/crud/index')
#12 C:\wamp\www\yii\framework\base\CApplication.php(184): CWebApplication->processRequest()
#13 C:\wamp\www\testreko\index.php(13): CApplication->run()
#14 {main}
REQUEST_URI=/testreko/gii/crud/index
HTTP_REFERER=http://localhost/testreko/gii/crud/index
---
2015/07/08 14:40:02 [error] [exception.CHttpException.404] exception 'CHttpException' with message 'Unable to resolve the request "escritorio_usuario/escritorio_usuario/escritoriousuario/index".' in C:\wamp\www\yii\framework\web\CWebApplication.php:286
Stack trace:
#0 C:\wamp\www\yii\framework\web\CWebApplication.php(141): CWebApplication->runController('escritorio_usua...')
#1 C:\wamp\www\yii\framework\base\CApplication.php(184): CWebApplication->processRequest()
#2 C:\wamp\www\testreko\index.php(13): CApplication->run()
#3 {main}
REQUEST_URI=/testreko/escritorio_usuario/escritorio_usuario/escritoriousuario/index
HTTP_REFERER=http://localhost/testreko/escritorio_usuario/escritoriousuario/index
---
